#
# There is insufficient memory for the Java Runtime Environment to continue.
# Native memory allocation (malloc) failed to allocate 399888 bytes for Chunk::new
# Possible reasons:
#   The system is out of physical RAM or swap space
#   The process is running with CompressedOops enabled, and the Java Heap may be blocking the growth of the native heap
# Possible solutions:
#   Reduce memory load on the system
#   Increase physical memory or swap space
#   Check if swap backing store is full
#   Decrease Java heap size (-Xmx/-Xms)
#   Decrease number of Java threads
#   Decrease Java thread stack sizes (-Xss)
#   Set larger code cache with -XX:ReservedCodeCacheSize=
#   JVM is running with Unscaled Compressed Oops mode in which the Java heap is
#     placed in the first 4GB address space. The Java Heap base address is the
#     maximum limit for the native heap growth. Please use -XX:HeapBaseMinAddress
#     to set the Java Heap base and to place the Java Heap above 4GB virtual address.
# This output file may be truncated or incomplete.
#
#  Out of Memory Error (arena.cpp:168), pid=24552, tid=24856
#
# JRE version: OpenJDK Runtime Environment (21.0.2+13) (build 21.0.2+13-58)
# Java VM: OpenJDK 64-Bit Server VM (21.0.2+13-58, mixed mode, sharing, tiered, compressed oops, compressed class ptrs, g1 gc, windows-amd64)
# No core dump will be written. Minidumps are not enabled by default on client versions of Windows
#

---------------  S U M M A R Y ------------

Command Line: -javaagent:C:\Program Files\JetBrains\IntelliJ IDEA Community Edition 2024.3.2.2\lib\idea_rt.jar=58845:C:\Program Files\JetBrains\IntelliJ IDEA Community Edition 2024.3.2.2\bin -Dfile.encoding=UTF-8 -Dsun.stdout.encoding=UTF-8 -Dsun.stderr.encoding=UTF-8 com.example.Authentication.AuthenticationApplication

Host: AMD Ryzen 5 5500U with Radeon Graphics         , 12 cores, 5G,  Windows 11 , 64 bit Build 22621 (10.0.22621.4830)
Time: Thu Feb 20 12:34:55 2025 India Standard Time elapsed time: 4180.492294 seconds (0d 1h 9m 40s)

---------------  T H R E A D  ---------------

Current thread (0x000002693ee1ab60):  JavaThread "C2 CompilerThread0" daemon [_thread_in_native, id=24856, stack(0x000000d964700000,0x000000d964800000) (1024K)]


Current CompileTask:
C2:4180492 6557       4       java.util.concurrent.ScheduledThreadPoolExecutor$DelayedWorkQueue::add (6 bytes)

Stack: [0x000000d964700000,0x000000d964800000]
Native frames: (J=compiled Java code, j=interpreted, Vv=VM code, C=native code)
V  [jvm.dll+0x6cade9]
V  [jvm.dll+0x8569c1]
V  [jvm.dll+0x858d2e]
V  [jvm.dll+0x859413]
V  [jvm.dll+0x280e56]
V  [jvm.dll+0xc3f3d]
V  [jvm.dll+0xc4473]
V  [jvm.dll+0x3b5c2c]
V  [jvm.dll+0x382855]
V  [jvm.dll+0x381cca]
V  [jvm.dll+0x249bd0]
V  [jvm.dll+0x2491b1]
V  [jvm.dll+0x1c9634]
V  [jvm.dll+0x258859]
V  [jvm.dll+0x256e3a]
V  [jvm.dll+0x3ef6c6]
V  [jvm.dll+0x7ff568]
V  [jvm.dll+0x6c953d]
C  [ucrtbase.dll+0x29333]
C  [KERNEL32.DLL+0x1259d]
C  [ntdll.dll+0x5af38]


---------------  P R O C E S S  ---------------

Threads class SMR info:
_java_thread_list=0x0000026986264d30, length=29, elements={
0x000002693ee0b190, 0x000002693ee0c0b0, 0x000002693ee0e0e0, 0x000002693ee11c90,
0x000002693ee13b00, 0x000002693ee168d0, 0x000002693ee1ab60, 0x000002693ee1e600,
0x00000269840ae450, 0x0000026984301a40, 0x00000269843f7da0, 0x000002698640e970,
0x0000026986168e60, 0x00000269863a2290, 0x0000026985c79490, 0x00000269862a1080,
0x00000269862a1710, 0x00000269862a37e0, 0x00000269862a4500, 0x00000269862a1da0,
0x00000269862a2430, 0x00000269862a2ac0, 0x000002698697cc70, 0x000002698697d300,
0x000002698697e6b0, 0x000002698697d990, 0x000002698697e020, 0x000002698697ed40,
0x000002698697f3d0
}

Java Threads: ( => current thread )
  0x000002693ee0b190 JavaThread "Reference Handler"          daemon [_thread_blocked, id=1512, stack(0x000000d964100000,0x000000d964200000) (1024K)]
  0x000002693ee0c0b0 JavaThread "Finalizer"                  daemon [_thread_blocked, id=25956, stack(0x000000d964200000,0x000000d964300000) (1024K)]
  0x000002693ee0e0e0 JavaThread "Signal Dispatcher"          daemon [_thread_blocked, id=10344, stack(0x000000d964300000,0x000000d964400000) (1024K)]
  0x000002693ee11c90 JavaThread "Attach Listener"            daemon [_thread_blocked, id=26436, stack(0x000000d964400000,0x000000d964500000) (1024K)]
  0x000002693ee13b00 JavaThread "Service Thread"             daemon [_thread_blocked, id=20392, stack(0x000000d964500000,0x000000d964600000) (1024K)]
  0x000002693ee168d0 JavaThread "Monitor Deflation Thread"   daemon [_thread_blocked, id=32824, stack(0x000000d964600000,0x000000d964700000) (1024K)]
=>0x000002693ee1ab60 JavaThread "C2 CompilerThread0"         daemon [_thread_in_native, id=24856, stack(0x000000d964700000,0x000000d964800000) (1024K)]
  0x000002693ee1e600 JavaThread "C1 CompilerThread0"         daemon [_thread_blocked, id=30528, stack(0x000000d964800000,0x000000d964900000) (1024K)]
  0x00000269840ae450 JavaThread "Common-Cleaner"             daemon [_thread_blocked, id=1220, stack(0x000000d964900000,0x000000d964a00000) (1024K)]
  0x0000026984301a40 JavaThread "Monitor Ctrl-Break"         daemon [_thread_in_native, id=14296, stack(0x000000d964b00000,0x000000d964c00000) (1024K)]
  0x00000269843f7da0 JavaThread "Notification Thread"        daemon [_thread_blocked, id=33392, stack(0x000000d964c00000,0x000000d964d00000) (1024K)]
  0x000002698640e970 JavaThread "Catalina-utility-1"                [_thread_blocked, id=32236, stack(0x000000d965100000,0x000000d965200000) (1024K)]
  0x0000026986168e60 JavaThread "Catalina-utility-2"                [_thread_blocked, id=20588, stack(0x000000d965800000,0x000000d965900000) (1024K)]
  0x00000269863a2290 JavaThread "container-0"                       [_thread_blocked, id=13092, stack(0x000000d965900000,0x000000d965a00000) (1024K)]
  0x0000026985c79490 JavaThread "mysql-cj-abandoned-connection-cleanup" daemon [_thread_blocked, id=25100, stack(0x000000d965a00000,0x000000d965b00000) (1024K)]
  0x00000269862a1080 JavaThread "HikariPool-1 housekeeper"   daemon [_thread_blocked, id=2544, stack(0x000000d965c00000,0x000000d965d00000) (1024K)]
  0x00000269862a1710 JavaThread "http-nio-8080-exec-1"       daemon [_thread_blocked, id=30648, stack(0x000000d965e00000,0x000000d965f00000) (1024K)]
  0x00000269862a37e0 JavaThread "http-nio-8080-exec-2"       daemon [_thread_blocked, id=23072, stack(0x000000d965f00000,0x000000d966000000) (1024K)]
  0x00000269862a4500 JavaThread "http-nio-8080-exec-3"       daemon [_thread_blocked, id=17848, stack(0x000000d966000000,0x000000d966100000) (1024K)]
  0x00000269862a1da0 JavaThread "http-nio-8080-exec-4"       daemon [_thread_blocked, id=29624, stack(0x000000d966100000,0x000000d966200000) (1024K)]
  0x00000269862a2430 JavaThread "http-nio-8080-exec-5"       daemon [_thread_blocked, id=22816, stack(0x000000d966200000,0x000000d966300000) (1024K)]
  0x00000269862a2ac0 JavaThread "http-nio-8080-exec-6"       daemon [_thread_blocked, id=21756, stack(0x000000d966300000,0x000000d966400000) (1024K)]
  0x000002698697cc70 JavaThread "http-nio-8080-exec-7"       daemon [_thread_blocked, id=32996, stack(0x000000d966400000,0x000000d966500000) (1024K)]
  0x000002698697d300 JavaThread "http-nio-8080-exec-8"       daemon [_thread_blocked, id=32320, stack(0x000000d966500000,0x000000d966600000) (1024K)]
  0x000002698697e6b0 JavaThread "http-nio-8080-exec-9"       daemon [_thread_blocked, id=28944, stack(0x000000d966600000,0x000000d966700000) (1024K)]
  0x000002698697d990 JavaThread "http-nio-8080-exec-10"      daemon [_thread_blocked, id=22216, stack(0x000000d966700000,0x000000d966800000) (1024K)]
  0x000002698697e020 JavaThread "http-nio-8080-Poller"       daemon [_thread_in_native, id=32052, stack(0x000000d966800000,0x000000d966900000) (1024K)]
  0x000002698697ed40 JavaThread "http-nio-8080-Acceptor"     daemon [_thread_in_native, id=14872, stack(0x000000d966900000,0x000000d966a00000) (1024K)]
  0x000002698697f3d0 JavaThread "DestroyJavaVM"                     [_thread_blocked, id=22052, stack(0x000000d963900000,0x000000d963a00000) (1024K)]
Total: 29

Other Threads:
  0x0000026920784100 VMThread "VM Thread"                           [id=1948, stack(0x000000d964000000,0x000000d964100000) (1024K)]
  0x000002693edd12a0 WatcherThread "VM Periodic Task Thread"        [id=34660, stack(0x000000d963f00000,0x000000d964000000) (1024K)]
  0x0000026920782ee0 WorkerThread "GC Thread#0"                     [id=17652, stack(0x000000d963a00000,0x000000d963b00000) (1024K)]
  0x0000026920783620 WorkerThread "GC Thread#1"                     [id=4036, stack(0x000000d964a00000,0x000000d964b00000) (1024K)]
  0x00000269207839c0 WorkerThread "GC Thread#2"                     [id=26808, stack(0x000000d964d00000,0x000000d964e00000) (1024K)]
  0x00000269841f96d0 WorkerThread "GC Thread#3"                     [id=12572, stack(0x000000d964e00000,0x000000d964f00000) (1024K)]
  0x00000269841f8850 WorkerThread "GC Thread#4"                     [id=20608, stack(0x000000d964f00000,0x000000d965000000) (1024K)]
  0x00000269841f9a70 WorkerThread "GC Thread#5"                     [id=5136, stack(0x000000d965000000,0x000000d965100000) (1024K)]
  0x00000269841f9330 WorkerThread "GC Thread#6"                     [id=27776, stack(0x000000d965200000,0x000000d965300000) (1024K)]
  0x00000269841f8f90 WorkerThread "GC Thread#7"                     [id=20900, stack(0x000000d965300000,0x000000d965400000) (1024K)]
  0x00000269841fa1b0 WorkerThread "GC Thread#8"                     [id=18116, stack(0x000000d965400000,0x000000d965500000) (1024K)]
  0x00000269841fa8f0 WorkerThread "GC Thread#9"                     [id=34124, stack(0x000000d965500000,0x000000d965600000) (1024K)]
  0x0000026922b1a080 ConcurrentGCThread "G1 Main Marker"            [id=6008, stack(0x000000d963b00000,0x000000d963c00000) (1024K)]
  0x0000026920783280 WorkerThread "G1 Conc#0"                       [id=28356, stack(0x000000d963c00000,0x000000d963d00000) (1024K)]
  0x00000269841fac90 WorkerThread "G1 Conc#1"                       [id=26848, stack(0x000000d965600000,0x000000d965700000) (1024K)]
  0x00000269841fa550 WorkerThread "G1 Conc#2"                       [id=20532, stack(0x000000d965700000,0x000000d965800000) (1024K)]
  0x0000026922b7e1e0 ConcurrentGCThread "G1 Refine#0"               [id=33656, stack(0x000000d963d00000,0x000000d963e00000) (1024K)]
  0x000002693eca64e0 ConcurrentGCThread "G1 Service"                [id=30976, stack(0x000000d963e00000,0x000000d963f00000) (1024K)]
Total: 18

Threads with active compile tasks:
C2 CompilerThread0  4180566 6557       4       java.util.concurrent.ScheduledThreadPoolExecutor$DelayedWorkQueue::add (6 bytes)
Total: 1

VM state: not at safepoint (normal execution)

VM Mutex/Monitor currently owned by a thread: None

Heap address: 0x00000000a2200000, size: 1502 MB, Compressed Oops mode: 32-bit

CDS archive(s) mapped at: [0x000002693f000000-0x000002693fc90000-0x000002693fc90000), size 13172736, SharedBaseAddress: 0x000002693f000000, ArchiveRelocationMode: 1.
Compressed class space mapped at: 0x0000026940000000-0x0000026980000000, reserved size: 1073741824
Narrow klass base: 0x000002693f000000, Narrow klass shift: 0, Narrow klass range: 0x100000000

GC Precious Log:
 CardTable entry size: 512
 Card Set container configuration: InlinePtr #cards 5 size 8 Array Of Cards #cards 12 size 40 Howl #buckets 4 coarsen threshold 1843 Howl Bitmap #cards 512 size 80 coarsen threshold 460 Card regions per heap region 1 cards per card region 2048
 CPUs: 12 total, 12 available
 Memory: 6005M
 Large Page Support: Disabled
 NUMA Support: Disabled
 Compressed Oops: Enabled (32-bit)
 Heap Region Size: 1M
 Heap Min Capacity: 8M
 Heap Initial Capacity: 94M
 Heap Max Capacity: 1502M
 Pre-touch: Disabled
 Parallel Workers: 10
 Concurrent Workers: 3
 Concurrent Refinement Workers: 10
 Periodic GC: Disabled

Heap:
 garbage-first heap   total 62464K, used 43220K [0x00000000a2200000, 0x0000000100000000)
  region size 1024K, 15 young (15360K), 2 survivors (2048K)
 Metaspace       used 76517K, committed 77248K, reserved 1179648K
  class space    used 10351K, committed 10688K, reserved 1048576K

Heap Regions: E=young(eden), S=young(survivor), O=old, HS=humongous(starts), HC=humongous(continues), CS=collection set, F=free, TAMS=top-at-mark-start, PB=parsable bottom
|   0|0x00000000a2200000, 0x00000000a2300000, 0x00000000a2300000|100%|HS|  |TAMS 0x00000000a2200000| PB 0x00000000a2200000| Complete 
|   1|0x00000000a2300000, 0x00000000a2400000, 0x00000000a2400000|100%|HS|  |TAMS 0x00000000a2300000| PB 0x00000000a2300000| Complete 
|   2|0x00000000a2400000, 0x00000000a2500000, 0x00000000a2500000|100%| O|  |TAMS 0x00000000a2400000| PB 0x00000000a2400000| Untracked 
|   3|0x00000000a2500000, 0x00000000a2600000, 0x00000000a2600000|100%| O|  |TAMS 0x00000000a2500000| PB 0x00000000a2500000| Untracked 
|   4|0x00000000a2600000, 0x00000000a2700000, 0x00000000a2700000|100%| O|  |TAMS 0x00000000a2600000| PB 0x00000000a2600000| Untracked 
|   5|0x00000000a2700000, 0x00000000a2800000, 0x00000000a2800000|100%| O|  |TAMS 0x00000000a2700000| PB 0x00000000a2700000| Untracked 
|   6|0x00000000a2800000, 0x00000000a2900000, 0x00000000a2900000|100%| O|  |TAMS 0x00000000a2800000| PB 0x00000000a2800000| Untracked 
|   7|0x00000000a2900000, 0x00000000a2a00000, 0x00000000a2a00000|100%| O|  |TAMS 0x00000000a2900000| PB 0x00000000a2900000| Untracked 
|   8|0x00000000a2a00000, 0x00000000a2b00000, 0x00000000a2b00000|100%| O|  |TAMS 0x00000000a2a00000| PB 0x00000000a2a00000| Untracked 
|   9|0x00000000a2b00000, 0x00000000a2c00000, 0x00000000a2c00000|100%| O|  |TAMS 0x00000000a2b00000| PB 0x00000000a2b00000| Untracked 
|  10|0x00000000a2c00000, 0x00000000a2d00000, 0x00000000a2d00000|100%| O|  |TAMS 0x00000000a2c00000| PB 0x00000000a2c00000| Untracked 
|  11|0x00000000a2d00000, 0x00000000a2e00000, 0x00000000a2e00000|100%| O|  |TAMS 0x00000000a2d00000| PB 0x00000000a2d00000| Untracked 
|  12|0x00000000a2e00000, 0x00000000a2f00000, 0x00000000a2f00000|100%| O|  |TAMS 0x00000000a2e00000| PB 0x00000000a2e00000| Untracked 
|  13|0x00000000a2f00000, 0x00000000a3000000, 0x00000000a3000000|100%| O|  |TAMS 0x00000000a2f00000| PB 0x00000000a2f00000| Untracked 
|  14|0x00000000a3000000, 0x00000000a3100000, 0x00000000a3100000|100%| O|  |TAMS 0x00000000a3000000| PB 0x00000000a3000000| Untracked 
|  15|0x00000000a3100000, 0x00000000a3200000, 0x00000000a3200000|100%| O|  |TAMS 0x00000000a3100000| PB 0x00000000a3100000| Untracked 
|  16|0x00000000a3200000, 0x00000000a3300000, 0x00000000a3300000|100%| O|  |TAMS 0x00000000a3200000| PB 0x00000000a3200000| Untracked 
|  17|0x00000000a3300000, 0x00000000a3400000, 0x00000000a3400000|100%| O|  |TAMS 0x00000000a3300000| PB 0x00000000a3300000| Untracked 
|  18|0x00000000a3400000, 0x00000000a3500000, 0x00000000a3500000|100%| O|  |TAMS 0x00000000a3400000| PB 0x00000000a3400000| Untracked 
|  19|0x00000000a3500000, 0x00000000a3600000, 0x00000000a3600000|100%| O|  |TAMS 0x00000000a3500000| PB 0x00000000a3500000| Untracked 
|  20|0x00000000a3600000, 0x00000000a3700000, 0x00000000a3700000|100%| O|  |TAMS 0x00000000a3600000| PB 0x00000000a3600000| Untracked 
|  21|0x00000000a3700000, 0x00000000a3800000, 0x00000000a3800000|100%| O|  |TAMS 0x00000000a3700000| PB 0x00000000a3700000| Untracked 
|  22|0x00000000a3800000, 0x00000000a3900000, 0x00000000a3900000|100%| O|  |TAMS 0x00000000a3800000| PB 0x00000000a3800000| Untracked 
|  23|0x00000000a3900000, 0x00000000a3a00000, 0x00000000a3a00000|100%| O|  |TAMS 0x00000000a3900000| PB 0x00000000a3900000| Untracked 
|  24|0x00000000a3a00000, 0x00000000a3b00000, 0x00000000a3b00000|100%| O|  |TAMS 0x00000000a3a00000| PB 0x00000000a3a00000| Untracked 
|  25|0x00000000a3b00000, 0x00000000a3c00000, 0x00000000a3c00000|100%| O|  |TAMS 0x00000000a3b00000| PB 0x00000000a3b00000| Untracked 
|  26|0x00000000a3c00000, 0x00000000a3d00000, 0x00000000a3d00000|100%| O|  |TAMS 0x00000000a3c00000| PB 0x00000000a3c00000| Untracked 
|  27|0x00000000a3d00000, 0x00000000a3e00000, 0x00000000a3e00000|100%| O|  |TAMS 0x00000000a3d00000| PB 0x00000000a3d00000| Untracked 
|  28|0x00000000a3e00000, 0x00000000a3ed7bf0, 0x00000000a3f00000| 84%| O|  |TAMS 0x00000000a3e00000| PB 0x00000000a3e00000| Untracked 
|  29|0x00000000a3f00000, 0x00000000a3f00000, 0x00000000a4000000|  0%| F|  |TAMS 0x00000000a3f00000| PB 0x00000000a3f00000| Untracked 
|  30|0x00000000a4000000, 0x00000000a4000000, 0x00000000a4100000|  0%| F|  |TAMS 0x00000000a4000000| PB 0x00000000a4000000| Untracked 
|  31|0x00000000a4100000, 0x00000000a4200000, 0x00000000a4200000|100%| O|  |TAMS 0x00000000a4100000| PB 0x00000000a4100000| Untracked 
|  32|0x00000000a4200000, 0x00000000a4200000, 0x00000000a4300000|  0%| F|  |TAMS 0x00000000a4200000| PB 0x00000000a4200000| Untracked 
|  33|0x00000000a4300000, 0x00000000a4300000, 0x00000000a4400000|  0%| F|  |TAMS 0x00000000a4300000| PB 0x00000000a4300000| Untracked 
|  34|0x00000000a4400000, 0x00000000a4400000, 0x00000000a4500000|  0%| F|  |TAMS 0x00000000a4400000| PB 0x00000000a4400000| Untracked 
|  35|0x00000000a4500000, 0x00000000a4500000, 0x00000000a4600000|  0%| F|  |TAMS 0x00000000a4500000| PB 0x00000000a4500000| Untracked 
|  36|0x00000000a4600000, 0x00000000a465d550, 0x00000000a4700000| 36%| S|CS|TAMS 0x00000000a4600000| PB 0x00000000a4600000| Complete 
|  37|0x00000000a4700000, 0x00000000a4800000, 0x00000000a4800000|100%| S|CS|TAMS 0x00000000a4700000| PB 0x00000000a4700000| Complete 
|  38|0x00000000a4800000, 0x00000000a4800000, 0x00000000a4900000|  0%| F|  |TAMS 0x00000000a4800000| PB 0x00000000a4800000| Untracked 
|  39|0x00000000a4900000, 0x00000000a4900000, 0x00000000a4a00000|  0%| F|  |TAMS 0x00000000a4900000| PB 0x00000000a4900000| Untracked 
|  40|0x00000000a4a00000, 0x00000000a4a00000, 0x00000000a4b00000|  0%| F|  |TAMS 0x00000000a4a00000| PB 0x00000000a4a00000| Untracked 
|  41|0x00000000a4b00000, 0x00000000a4b00000, 0x00000000a4c00000|  0%| F|  |TAMS 0x00000000a4b00000| PB 0x00000000a4b00000| Untracked 
|  42|0x00000000a4c00000, 0x00000000a4c00000, 0x00000000a4d00000|  0%| F|  |TAMS 0x00000000a4c00000| PB 0x00000000a4c00000| Untracked 
|  43|0x00000000a4d00000, 0x00000000a4d00000, 0x00000000a4e00000|  0%| F|  |TAMS 0x00000000a4d00000| PB 0x00000000a4d00000| Untracked 
|  44|0x00000000a4e00000, 0x00000000a4e00000, 0x00000000a4f00000|  0%| F|  |TAMS 0x00000000a4e00000| PB 0x00000000a4e00000| Untracked 
|  45|0x00000000a4f00000, 0x00000000a4f00000, 0x00000000a5000000|  0%| F|  |TAMS 0x00000000a4f00000| PB 0x00000000a4f00000| Untracked 
|  46|0x00000000a5000000, 0x00000000a5000000, 0x00000000a5100000|  0%| F|  |TAMS 0x00000000a5000000| PB 0x00000000a5000000| Untracked 
|  47|0x00000000a5100000, 0x00000000a5100000, 0x00000000a5200000|  0%| F|  |TAMS 0x00000000a5100000| PB 0x00000000a5100000| Untracked 
|  48|0x00000000a5200000, 0x00000000a521ba18, 0x00000000a5300000| 10%| E|  |TAMS 0x00000000a5200000| PB 0x00000000a5200000| Complete 
|  49|0x00000000a5300000, 0x00000000a5400000, 0x00000000a5400000|100%| E|CS|TAMS 0x00000000a5300000| PB 0x00000000a5300000| Complete 
|  50|0x00000000a5400000, 0x00000000a5500000, 0x00000000a5500000|100%| E|CS|TAMS 0x00000000a5400000| PB 0x00000000a5400000| Complete 
|  51|0x00000000a5500000, 0x00000000a5600000, 0x00000000a5600000|100%| E|CS|TAMS 0x00000000a5500000| PB 0x00000000a5500000| Complete 
|  52|0x00000000a5600000, 0x00000000a5700000, 0x00000000a5700000|100%| E|CS|TAMS 0x00000000a5600000| PB 0x00000000a5600000| Complete 
|  53|0x00000000a5700000, 0x00000000a5800000, 0x00000000a5800000|100%| E|CS|TAMS 0x00000000a5700000| PB 0x00000000a5700000| Complete 
|  54|0x00000000a5800000, 0x00000000a5900000, 0x00000000a5900000|100%| E|CS|TAMS 0x00000000a5800000| PB 0x00000000a5800000| Complete 
|  55|0x00000000a5900000, 0x00000000a5a00000, 0x00000000a5a00000|100%| E|CS|TAMS 0x00000000a5900000| PB 0x00000000a5900000| Complete 
|  56|0x00000000a5a00000, 0x00000000a5b00000, 0x00000000a5b00000|100%| E|CS|TAMS 0x00000000a5a00000| PB 0x00000000a5a00000| Complete 
|  57|0x00000000a5b00000, 0x00000000a5c00000, 0x00000000a5c00000|100%| E|CS|TAMS 0x00000000a5b00000| PB 0x00000000a5b00000| Complete 
|  58|0x00000000a5c00000, 0x00000000a5d00000, 0x00000000a5d00000|100%| E|CS|TAMS 0x00000000a5c00000| PB 0x00000000a5c00000| Complete 
|  59|0x00000000a5d00000, 0x00000000a5e00000, 0x00000000a5e00000|100%| E|CS|TAMS 0x00000000a5d00000| PB 0x00000000a5d00000| Complete 
|  93|0x00000000a7f00000, 0x00000000a8000000, 0x00000000a8000000|100%| E|  |TAMS 0x00000000a7f00000| PB 0x00000000a7f00000| Complete 

Card table byte_map: [0x000002693a760000,0x000002693aa50000] _byte_map_base: 0x000002693a24f000

Marking Bits: (CMBitMap*) 0x0000026922b0dbe0
 Bits: [0x000002693aa50000, 0x000002693c1c8000)

Polling page: 0x0000026920a90000

Metaspace:

Usage:
  Non-class:     64.61 MB used.
      Class:     10.11 MB used.
       Both:     74.72 MB used.

Virtual space:
  Non-class space:      128.00 MB reserved,      65.00 MB ( 51%) committed,  2 nodes.
      Class space:        1.00 GB reserved,      10.44 MB (  1%) committed,  1 nodes.
             Both:        1.12 GB reserved,      75.44 MB (  7%) committed. 

Chunk freelists:
   Non-Class:  14.20 MB
       Class:  5.53 MB
        Both:  19.73 MB

MaxMetaspaceSize: unlimited
CompressedClassSpaceSize: 1.00 GB
Initial GC threshold: 21.00 MB
Current GC threshold: 98.75 MB
CDS: on
 - commit_granule_bytes: 65536.
 - commit_granule_words: 8192.
 - virtual_space_node_default_size: 8388608.
 - enlarge_chunks_in_place: 1.
 - use_allocation_guard: 0.


Internal statistics:

num_allocs_failed_limit: 9.
num_arena_births: 986.
num_arena_deaths: 0.
num_vsnodes_births: 3.
num_vsnodes_deaths: 0.
num_space_committed: 1207.
num_space_uncommitted: 0.
num_chunks_returned_to_freelist: 9.
num_chunks_taken_from_freelist: 3647.
num_chunk_merges: 9.
num_chunk_splits: 2656.
num_chunks_enlarged: 2088.
num_inconsistent_stats: 0.

CodeHeap 'non-profiled nmethods': size=120000Kb used=3448Kb max_used=3448Kb free=116551Kb
 bounds [0x00000269329e0000, 0x0000026932d40000, 0x0000026939f10000]
CodeHeap 'profiled nmethods': size=120000Kb used=11668Kb max_used=11668Kb free=108331Kb
 bounds [0x000002692af10000, 0x000002692ba80000, 0x0000026932440000]
CodeHeap 'non-nmethods': size=5760Kb used=1722Kb max_used=1772Kb free=4037Kb
 bounds [0x0000026932440000, 0x00000269326b0000, 0x00000269329e0000]
 total_blobs=6709 nmethods=5964 adapters=649
 compilation: enabled
              stopped_count=0, restarted_count=0
 full_count=0

Compilation events (20 events):
Event: 3853.751 Thread 0x000002693ee1e600 nmethod 6547 0x000002692ba72c90 code [0x000002692ba72e80, 0x000002692ba73418]
Event: 3853.751 Thread 0x000002693ee1e600 6548  s    3       org.apache.catalina.core.StandardWrapper::backgroundProcess (38 bytes)
Event: 3853.756 Thread 0x000002693ee1e600 nmethod 6548 0x000002692ba73610 code [0x000002692ba73800, 0x000002692ba73ed8]
Event: 3882.708 Thread 0x000002693ee1ab60 6549   !   4       java.util.concurrent.locks.AbstractQueuedSynchronizer$ConditionObject::newConditionNode (78 bytes)
Event: 3882.718 Thread 0x000002693ee1ab60 nmethod 6549 0x0000026932d33b10 code [0x0000026932d33d00, 0x0000026932d341e0]
Event: 3892.033 Thread 0x000002693ee1e600 6550       3       java.lang.ClassLoader::getResource (41 bytes)
Event: 3892.036 Thread 0x000002693ee1e600 nmethod 6550 0x000002692ba74010 code [0x000002692ba74220, 0x000002692ba74830]
Event: 3958.705 Thread 0x000002693ee1e600 6551       3       java.util.concurrent.locks.AbstractQueuedSynchronizer::acquireInterruptibly (36 bytes)
Event: 3958.713 Thread 0x000002693ee1e600 nmethod 6551 0x000002692ba74a10 code [0x000002692ba74c20, 0x000002692ba751d8]
Event: 4128.702 Thread 0x000002693ee1ab60 6552       4       java.util.concurrent.ThreadPoolExecutor$Worker::unlock (7 bytes)
Event: 4128.707 Thread 0x000002693ee1ab60 nmethod 6552 0x0000026932d34490 code [0x0000026932d34640, 0x0000026932d347b0]
Event: 4147.703 Thread 0x000002693ee1ab60 6553   !   4       java.util.concurrent.ThreadPoolExecutor::getTask (177 bytes)
Event: 4147.906 Thread 0x000002693ee1ab60 nmethod 6553 0x0000026932d34890 code [0x0000026932d34d80, 0x0000026932d38168]
Event: 4148.694 Thread 0x000002693ee1ab60 6554       4       java.util.concurrent.ThreadPoolExecutor$Worker::lock (6 bytes)
Event: 4148.696 Thread 0x000002693ee1ab60 nmethod 6554 0x0000026932d39f10 code [0x0000026932d3a0a0, 0x0000026932d3a230]
Event: 4173.983 Thread 0x000002693ee1ab60 6555       4       java.util.concurrent.ScheduledThreadPoolExecutor$DelayedWorkQueue::add (9 bytes)
Event: 4174.014 Thread 0x000002693ee1ab60 nmethod 6555 0x0000026932d3a310 code [0x0000026932d3a5a0, 0x0000026932d3b878]
Event: 4178.696 Thread 0x000002693ee1ab60 6556   !   4       java.util.concurrent.ScheduledThreadPoolExecutor$DelayedWorkQueue::offer (123 bytes)
Event: 4178.725 Thread 0x000002693ee1ab60 nmethod 6556 0x0000026932d3c210 code [0x0000026932d3c4c0, 0x0000026932d3d8b0]
Event: 4180.454 Thread 0x000002693ee1ab60 6557       4       java.util.concurrent.ScheduledThreadPoolExecutor$DelayedWorkQueue::add (6 bytes)

GC Heap History (20 events):
Event: 9.121 GC heap before
{Heap before GC invocations=4 (full 0):
 garbage-first heap   total 51200K, used 38912K [0x00000000a2200000, 0x0000000100000000)
  region size 1024K, 30 young (30720K), 6 survivors (6144K)
 Metaspace       used 24641K, committed 25024K, reserved 1114112K
  class space    used 3145K, committed 3328K, reserved 1048576K
}
Event: 9.132 GC heap after
{Heap after GC invocations=5 (full 0):
 garbage-first heap   total 51200K, used 15972K [0x00000000a2200000, 0x0000000100000000)
  region size 1024K, 3 young (3072K), 3 survivors (3072K)
 Metaspace       used 24641K, committed 25024K, reserved 1114112K
  class space    used 3145K, committed 3328K, reserved 1048576K
}
Event: 9.980 GC heap before
{Heap before GC invocations=5 (full 0):
 garbage-first heap   total 51200K, used 39524K [0x00000000a2200000, 0x0000000100000000)
  region size 1024K, 26 young (26624K), 3 survivors (3072K)
 Metaspace       used 28970K, committed 29504K, reserved 1114112K
  class space    used 3795K, committed 4032K, reserved 1048576K
}
Event: 9.991 GC heap after
{Heap after GC invocations=6 (full 0):
 garbage-first heap   total 51200K, used 18219K [0x00000000a2200000, 0x0000000100000000)
  region size 1024K, 3 young (3072K), 3 survivors (3072K)
 Metaspace       used 28970K, committed 29504K, reserved 1114112K
  class space    used 3795K, committed 4032K, reserved 1048576K
}
Event: 10.758 GC heap before
{Heap before GC invocations=6 (full 0):
 garbage-first heap   total 51200K, used 40747K [0x00000000a2200000, 0x0000000100000000)
  region size 1024K, 25 young (25600K), 3 survivors (3072K)
 Metaspace       used 33915K, committed 34432K, reserved 1114112K
  class space    used 4399K, committed 4608K, reserved 1048576K
}
Event: 10.763 GC heap after
{Heap after GC invocations=7 (full 0):
 garbage-first heap   total 51200K, used 19994K [0x00000000a2200000, 0x0000000100000000)
  region size 1024K, 2 young (2048K), 2 survivors (2048K)
 Metaspace       used 33915K, committed 34432K, reserved 1114112K
  class space    used 4399K, committed 4608K, reserved 1048576K
}
Event: 10.983 GC heap before
{Heap before GC invocations=7 (full 0):
 garbage-first heap   total 51200K, used 25114K [0x00000000a2200000, 0x0000000100000000)
  region size 1024K, 8 young (8192K), 2 survivors (2048K)
 Metaspace       used 35612K, committed 36096K, reserved 1114112K
  class space    used 4645K, committed 4864K, reserved 1048576K
}
Event: 10.986 GC heap after
{Heap after GC invocations=8 (full 0):
 garbage-first heap   total 51200K, used 20268K [0x00000000a2200000, 0x0000000100000000)
  region size 1024K, 1 young (1024K), 1 survivors (1024K)
 Metaspace       used 35612K, committed 36096K, reserved 1114112K
  class space    used 4645K, committed 4864K, reserved 1048576K
}
Event: 11.752 GC heap before
{Heap before GC invocations=9 (full 0):
 garbage-first heap   total 51200K, used 41772K [0x00000000a2200000, 0x0000000100000000)
  region size 1024K, 22 young (22528K), 1 survivors (1024K)
 Metaspace       used 41283K, committed 41856K, reserved 1114112K
  class space    used 5504K, committed 5760K, reserved 1048576K
}
Event: 11.754 GC heap after
{Heap after GC invocations=10 (full 0):
 garbage-first heap   total 61440K, used 21741K [0x00000000a2200000, 0x0000000100000000)
  region size 1024K, 2 young (2048K), 2 survivors (2048K)
 Metaspace       used 41283K, committed 41856K, reserved 1114112K
  class space    used 5504K, committed 5760K, reserved 1048576K
}
Event: 13.150 GC heap before
{Heap before GC invocations=10 (full 0):
 garbage-first heap   total 61440K, used 50413K [0x00000000a2200000, 0x0000000100000000)
  region size 1024K, 31 young (31744K), 2 survivors (2048K)
 Metaspace       used 52009K, committed 52672K, reserved 1114112K
  class space    used 6808K, committed 7104K, reserved 1048576K
}
Event: 13.155 GC heap after
{Heap after GC invocations=11 (full 0):
 garbage-first heap   total 61440K, used 24030K [0x00000000a2200000, 0x0000000100000000)
  region size 1024K, 4 young (4096K), 4 survivors (4096K)
 Metaspace       used 52009K, committed 52672K, reserved 1114112K
  class space    used 6808K, committed 7104K, reserved 1048576K
}
Event: 14.032 GC heap before
{Heap before GC invocations=11 (full 0):
 garbage-first heap   total 61440K, used 45534K [0x00000000a2200000, 0x0000000100000000)
  region size 1024K, 27 young (27648K), 4 survivors (4096K)
 Metaspace       used 59888K, committed 60480K, reserved 1114112K
  class space    used 8047K, committed 8320K, reserved 1048576K
}
Event: 14.037 GC heap after
{Heap after GC invocations=12 (full 0):
 garbage-first heap   total 61440K, used 25341K [0x00000000a2200000, 0x0000000100000000)
  region size 1024K, 2 young (2048K), 2 survivors (2048K)
 Metaspace       used 59888K, committed 60480K, reserved 1114112K
  class space    used 8047K, committed 8320K, reserved 1048576K
}
Event: 14.964 GC heap before
{Heap before GC invocations=13 (full 0):
 garbage-first heap   total 61440K, used 52989K [0x00000000a2200000, 0x0000000100000000)
  region size 1024K, 29 young (29696K), 2 survivors (2048K)
 Metaspace       used 65602K, committed 66240K, reserved 1114112K
  class space    used 8876K, committed 9152K, reserved 1048576K
}
Event: 14.968 GC heap after
{Heap after GC invocations=14 (full 0):
 garbage-first heap   total 61440K, used 27787K [0x00000000a2200000, 0x0000000100000000)
  region size 1024K, 4 young (4096K), 4 survivors (4096K)
 Metaspace       used 65602K, committed 66240K, reserved 1114112K
  class space    used 8876K, committed 9152K, reserved 1048576K
}
Event: 15.650 GC heap before
{Heap before GC invocations=14 (full 0):
 garbage-first heap   total 61440K, used 52363K [0x00000000a2200000, 0x0000000100000000)
  region size 1024K, 29 young (29696K), 4 survivors (4096K)
 Metaspace       used 69318K, committed 70016K, reserved 1114112K
  class space    used 9415K, committed 9728K, reserved 1048576K
}
Event: 15.656 GC heap after
{Heap after GC invocations=15 (full 0):
 garbage-first heap   total 62464K, used 30777K [0x00000000a2200000, 0x0000000100000000)
  region size 1024K, 4 young (4096K), 4 survivors (4096K)
 Metaspace       used 69318K, committed 70016K, reserved 1114112K
  class space    used 9415K, committed 9728K, reserved 1048576K
}
Event: 42.450 GC heap before
{Heap before GC invocations=15 (full 0):
 garbage-first heap   total 62464K, used 52281K [0x00000000a2200000, 0x0000000100000000)
  region size 1024K, 26 young (26624K), 4 survivors (4096K)
 Metaspace       used 75513K, committed 76224K, reserved 1179648K
  class space    used 10270K, committed 10624K, reserved 1048576K
}
Event: 42.456 GC heap after
{Heap after GC invocations=16 (full 0):
 garbage-first heap   total 62464K, used 31956K [0x00000000a2200000, 0x0000000100000000)
  region size 1024K, 2 young (2048K), 2 survivors (2048K)
 Metaspace       used 75513K, committed 76224K, reserved 1179648K
  class space    used 10270K, committed 10624K, reserved 1048576K
}

Dll operation events (14 events):
Event: 0.015 Loaded shared library C:\Users\Mohanprasath\.jdks\openjdk-21.0.2\bin\java.dll
Event: 0.062 Loaded shared library C:\Users\Mohanprasath\.jdks\openjdk-21.0.2\bin\jsvml.dll
Event: 0.179 Loaded shared library C:\Users\Mohanprasath\.jdks\openjdk-21.0.2\bin\zip.dll
Event: 0.186 Loaded shared library C:\Users\Mohanprasath\.jdks\openjdk-21.0.2\bin\instrument.dll
Event: 0.194 Loaded shared library C:\Users\Mohanprasath\.jdks\openjdk-21.0.2\bin\net.dll
Event: 0.196 Loaded shared library C:\Users\Mohanprasath\.jdks\openjdk-21.0.2\bin\nio.dll
Event: 0.201 Loaded shared library C:\Users\Mohanprasath\.jdks\openjdk-21.0.2\bin\zip.dll
Event: 0.343 Loaded shared library C:\Program Files\JetBrains\IntelliJ IDEA Community Edition 2024.3.2.2\bin\breakgen64.dll
Event: 0.356 Loaded shared library C:\Users\Mohanprasath\.jdks\openjdk-21.0.2\bin\extnet.dll
Event: 0.414 Loaded shared library C:\Users\Mohanprasath\.jdks\openjdk-21.0.2\bin\jimage.dll
Event: 8.173 Loaded shared library C:\Users\Mohanprasath\.jdks\openjdk-21.0.2\bin\sunmscapi.dll
Event: 10.289 Loaded shared library C:\Users\Mohanprasath\.jdks\openjdk-21.0.2\bin\management.dll
Event: 10.292 Loaded shared library C:\Users\Mohanprasath\.jdks\openjdk-21.0.2\bin\management_ext.dll
Event: 11.149 Loaded shared library C:\Users\Mohanprasath\.jdks\openjdk-21.0.2\bin\verify.dll

Deoptimization events (20 events):
Event: 4175.706 Thread 0x0000026986168e60 Uncommon trap: trap_request=0xffffffd6 fr.pc=0x0000026932d3b438 relative=0x0000000000000e98
Event: 4175.706 Thread 0x0000026986168e60 Uncommon trap: reason=array_check action=maybe_recompile pc=0x0000026932d3b438 method=java.util.concurrent.ScheduledThreadPoolExecutor$DelayedWorkQueue.siftUp(ILjava/util/concurrent/RunnableScheduledFuture;)V @ 39 c2
Event: 4175.706 Thread 0x0000026986168e60 DEOPT PACKING pc=0x0000026932d3b438 sp=0x000000d9658ff390
Event: 4175.706 Thread 0x0000026986168e60 DEOPT UNPACKING pc=0x00000269324946a2 sp=0x000000d9658ff210 mode 2
Event: 4176.695 Thread 0x0000026986168e60 Uncommon trap: trap_request=0xffffffd6 fr.pc=0x0000026932d3b438 relative=0x0000000000000e98
Event: 4176.695 Thread 0x0000026986168e60 Uncommon trap: reason=array_check action=maybe_recompile pc=0x0000026932d3b438 method=java.util.concurrent.ScheduledThreadPoolExecutor$DelayedWorkQueue.siftUp(ILjava/util/concurrent/RunnableScheduledFuture;)V @ 39 c2
Event: 4176.695 Thread 0x0000026986168e60 DEOPT PACKING pc=0x0000026932d3b438 sp=0x000000d9658ff390
Event: 4176.695 Thread 0x0000026986168e60 DEOPT UNPACKING pc=0x00000269324946a2 sp=0x000000d9658ff210 mode 2
Event: 4177.701 Thread 0x000002698640e970 Uncommon trap: trap_request=0xffffffd6 fr.pc=0x0000026932d3b438 relative=0x0000000000000e98
Event: 4177.701 Thread 0x000002698640e970 Uncommon trap: reason=array_check action=maybe_recompile pc=0x0000026932d3b438 method=java.util.concurrent.ScheduledThreadPoolExecutor$DelayedWorkQueue.siftUp(ILjava/util/concurrent/RunnableScheduledFuture;)V @ 39 c2
Event: 4177.701 Thread 0x000002698640e970 DEOPT PACKING pc=0x0000026932d3b438 sp=0x000000d9651fef00
Event: 4177.701 Thread 0x000002698640e970 DEOPT UNPACKING pc=0x00000269324946a2 sp=0x000000d9651fed80 mode 2
Event: 4179.707 Thread 0x0000026986168e60 Uncommon trap: trap_request=0xffffffd6 fr.pc=0x0000026932d3d270 relative=0x0000000000000db0
Event: 4179.707 Thread 0x0000026986168e60 Uncommon trap: reason=array_check action=maybe_recompile pc=0x0000026932d3d270 method=java.util.concurrent.ScheduledThreadPoolExecutor$DelayedWorkQueue.siftUp(ILjava/util/concurrent/RunnableScheduledFuture;)V @ 57 c2
Event: 4179.707 Thread 0x0000026986168e60 DEOPT PACKING pc=0x0000026932d3d270 sp=0x000000d9658ff2e0
Event: 4179.707 Thread 0x0000026986168e60 DEOPT UNPACKING pc=0x00000269324946a2 sp=0x000000d9658ff230 mode 2
Event: 4180.454 Thread 0x000002698640e970 Uncommon trap: trap_request=0xffffffd6 fr.pc=0x0000026932d3d270 relative=0x0000000000000db0
Event: 4180.454 Thread 0x000002698640e970 Uncommon trap: reason=array_check action=maybe_recompile pc=0x0000026932d3d270 method=java.util.concurrent.ScheduledThreadPoolExecutor$DelayedWorkQueue.siftUp(ILjava/util/concurrent/RunnableScheduledFuture;)V @ 57 c2
Event: 4180.454 Thread 0x000002698640e970 DEOPT PACKING pc=0x0000026932d3d270 sp=0x000000d9651fee50
Event: 4180.454 Thread 0x000002698640e970 DEOPT UNPACKING pc=0x00000269324946a2 sp=0x000000d9651feda0 mode 2

Classes loaded (20 events):
Event: 20.290 Loading class org/w3c/dom/Node
Event: 20.290 Loading class org/w3c/dom/Node done
Event: 20.290 Loading class org/w3c/dom/Document
Event: 20.291 Loading class org/w3c/dom/Document done
Event: 20.579 Loading class java/util/AbstractMap$SimpleEntry
Event: 20.579 Loading class java/util/AbstractMap$SimpleEntry done
Event: 20.940 Loading class java/util/stream/LongStream
Event: 20.940 Loading class java/util/stream/LongStream done
Event: 20.941 Loading class java/util/stream/DoubleStream
Event: 20.941 Loading class java/util/stream/DoubleStream done
Event: 44.709 Loading class com/sun/crypto/provider/HmacCore$HmacSHA256
Event: 44.710 Loading class com/sun/crypto/provider/HmacCore$HmacSHA256 done
Event: 1768.764 Loading class sun/security/ssl/Alert
Event: 1768.893 Loading class sun/security/ssl/Alert done
Event: 1768.918 Loading class sun/security/ssl/Alert$AlertConsumer
Event: 1768.951 Loading class sun/security/ssl/Alert$AlertConsumer done
Event: 1768.951 Loading class sun/security/ssl/Alert$Level
Event: 1768.961 Loading class sun/security/ssl/Alert$Level done
Event: 1768.995 Loading class sun/net/ConnectionResetException
Event: 1769.003 Loading class sun/net/ConnectionResetException done

Classes unloaded (0 events):
No events

Classes redefined (0 events):
No events

Internal exceptions (20 events):
Event: 15.264 Thread 0x0000026922ac62c0 Exception <a 'java/lang/IncompatibleClassChangeError'{0x00000000a5234948}: Found class java.lang.Object, but interface was expected> (0x00000000a5234948) 
thrown [s\open\src\hotspot\share\interpreter\linkResolver.cpp, line 840]
Event: 15.350 Thread 0x0000026922ac62c0 Exception <a 'java/lang/NoSuchMethodError'{0x00000000a4f72f68}: 'java.lang.Object java.lang.invoke.DirectMethodHandle$Holder.invokeInterface(java.lang.Object, java.lang.Object, java.lang.Object, java.lang.Object)'> (0x00000000a4f72f68) 
thrown [s\open\src\hotspot\share\interpreter\linkResolver.cpp, line 773]
Event: 15.402 Thread 0x0000026922ac62c0 Exception <a 'java/lang/NoSuchMethodError'{0x00000000a4d6d738}: 'void java.lang.invoke.DirectMethodHandle$Holder.invokeVirtual(java.lang.Object, java.lang.Object, long)'> (0x00000000a4d6d738) 
thrown [s\open\src\hotspot\share\interpreter\linkResolver.cpp, line 773]
Event: 15.451 Thread 0x0000026922ac62c0 Exception <a 'java/lang/NoSuchMethodError'{0x00000000a4bbb2d0}: 'int java.lang.invoke.DirectMethodHandle$Holder.invokeStaticInit(java.lang.Object, java.lang.Object, java.lang.Object, java.lang.Object)'> (0x00000000a4bbb2d0) 
thrown [s\open\src\hotspot\share\interpreter\linkResolver.cpp, line 773]
Event: 15.507 Thread 0x0000026922ac62c0 Exception <a 'java/lang/IncompatibleClassChangeError'{0x00000000a4983500}: Found class java.lang.Object, but interface was expected> (0x00000000a4983500) 
thrown [s\open\src\hotspot\share\interpreter\linkResolver.cpp, line 840]
Event: 15.566 Thread 0x0000026922ac62c0 Exception <a 'java/lang/NoSuchMethodError'{0x00000000a48e2280}: 'java.lang.Object java.lang.invoke.Invokers$Holder.invoke_MT(java.lang.Object, java.lang.Object, java.lang.Object, java.lang.Object, java.lang.Object, java.lang.Object, java.lang.Object, java.lang.Object, java.lang.Object, java.lang.Object, java.lang.Object)'> (0x00000000a48e2280) 
thrown [s\open\src\hotspot\share\interpreter\linkResolver.cpp, line 773]
Event: 15.669 Thread 0x0000026922ac62c0 Exception <a 'java/lang/NoSuchMethodError'{0x00000000a7fc1570}: 'java.lang.Object java.lang.invoke.DirectMethodHandle$Holder.newInvokeSpecial(java.lang.Object, java.lang.Object, int, java.lang.Object, java.lang.Object)'> (0x00000000a7fc1570) 
thrown [s\open\src\hotspot\share\interpreter\linkResolver.cpp, line 773]
Event: 20.127 Thread 0x00000269862a37e0 Exception <a 'java/lang/NoSuchMethodError'{0x00000000a594c888}: 'java.lang.Object java.lang.invoke.DirectMethodHandle$Holder.invokeSpecial(java.lang.Object, java.lang.Object, java.lang.Object, java.lang.Object, java.lang.Object, long)'> (0x00000000a594c888) 
thrown [s\open\src\hotspot\share\interpreter\linkResolver.cpp, line 773]
Event: 20.127 Thread 0x00000269862a37e0 Exception <a 'java/lang/NoSuchMethodError'{0x00000000a5950048}: 'java.lang.Object java.lang.invoke.Invokers$Holder.linkToTargetMethod(java.lang.Object, java.lang.Object, java.lang.Object, long, java.lang.Object)'> (0x00000000a5950048) 
thrown [s\open\src\hotspot\share\interpreter\linkResolver.cpp, line 773]
Event: 20.594 Thread 0x00000269862a1710 Exception <a 'java/lang/NoSuchMethodError'{0x00000000a4e9f760}: 'void java.lang.invoke.DirectMethodHandle$Holder.invokeSpecialIFC(java.lang.Object, java.lang.Object, int, java.lang.Object, java.lang.Object, java.lang.Object, java.lang.Object)'> (0x00000000a4e9f760) 
thrown [s\open\src\hotspot\share\interpreter\linkResolver.cpp, line 773]
Event: 20.862 Thread 0x00000269862a1710 Exception <a 'java/lang/NoSuchMethodError'{0x00000000a4901238}: 'int java.lang.invoke.DirectMethodHandle$Holder.invokeStatic(java.lang.Object, java.lang.Object, int, int)'> (0x00000000a4901238) 
thrown [s\open\src\hotspot\share\interpreter\linkResolver.cpp, line 773]
Event: 44.714 Thread 0x00000269862a2430 Exception <a 'java/lang/NoSuchMethodError'{0x00000000a5c41220}: method resolution failed> (0x00000000a5c41220) 
thrown [s\open\src\hotspot\share\prims\methodHandles.cpp, line 1144]
Event: 1768.968 Thread 0x000002698697c5e0 Exception <a 'java/io/IOException'{0x00000000a5b5bd00}> (0x00000000a5b5bd00) 
thrown [s\open\src\hotspot\share\prims\jni.cpp, line 520]
Event: 1768.992 Thread 0x000002698697c5e0 Exception <a 'java/io/IOException'{0x00000000a5b5d150}> (0x00000000a5b5d150) 
thrown [s\open\src\hotspot\share\prims\jni.cpp, line 520]
Event: 3556.991 Thread 0x000002698697bf50 Exception <a 'java/io/IOException'{0x00000000a56b0508}> (0x00000000a56b0508) 
thrown [s\open\src\hotspot\share\prims\jni.cpp, line 520]
Event: 3556.993 Thread 0x000002698697bf50 Exception <a 'java/io/IOException'{0x00000000a56b1128}> (0x00000000a56b1128) 
thrown [s\open\src\hotspot\share\prims\jni.cpp, line 520]
Event: 3584.584 Thread 0x000002698697bf50 Exception <a 'java/io/IOException'{0x00000000a530f298}> (0x00000000a530f298) 
thrown [s\open\src\hotspot\share\prims\jni.cpp, line 520]
Event: 3584.586 Thread 0x000002698697bf50 Exception <a 'java/io/IOException'{0x00000000a530feb8}> (0x00000000a530feb8) 
thrown [s\open\src\hotspot\share\prims\jni.cpp, line 520]
Event: 3592.884 Thread 0x000002698697bf50 Exception <a 'java/io/IOException'{0x00000000a537d0e8}> (0x00000000a537d0e8) 
thrown [s\open\src\hotspot\share\prims\jni.cpp, line 520]
Event: 3592.884 Thread 0x000002698697bf50 Exception <a 'java/io/IOException'{0x00000000a537dd08}> (0x00000000a537dd08) 
thrown [s\open\src\hotspot\share\prims\jni.cpp, line 520]

ZGC Phase Switch (0 events):
No events

VM Operations (20 events):
Event: 3564.388 Executing VM operation: Cleanup
Event: 3564.388 Executing VM operation: Cleanup done
Event: 3567.409 Executing VM operation: Cleanup
Event: 3567.409 Executing VM operation: Cleanup done
Event: 3570.424 Executing VM operation: Cleanup
Event: 3570.424 Executing VM operation: Cleanup done
Event: 3578.498 Executing VM operation: Cleanup
Event: 3578.498 Executing VM operation: Cleanup done
Event: 3585.561 Executing VM operation: Cleanup
Event: 3585.562 Executing VM operation: Cleanup done
Event: 3591.607 Executing VM operation: Cleanup
Event: 3591.607 Executing VM operation: Cleanup done
Event: 3897.375 Executing VM operation: Cleanup
Event: 3897.375 Executing VM operation: Cleanup done
Event: 4175.044 Executing VM operation: Cleanup
Event: 4175.044 Executing VM operation: Cleanup done
Event: 4179.083 Executing VM operation: Cleanup
Event: 4179.083 Executing VM operation: Cleanup done
Event: 4180.094 Executing VM operation: Cleanup
Event: 4180.094 Executing VM operation: Cleanup done

Events (20 events):
Event: 3556.968 Thread 0x000002698697bf50 Thread added: 0x000002698697bf50
Event: 3556.974 Thread 0x000002698697c5e0 Thread added: 0x000002698697c5e0
Event: 3562.008 Thread 0x000002698697bf50 Thread exited: 0x000002698697bf50
Event: 3562.132 Thread 0x000002698697c5e0 Thread exited: 0x000002698697c5e0
Event: 3564.325 Thread 0x000002698697bf50 Thread added: 0x000002698697bf50
Event: 3564.332 Thread 0x000002698697c5e0 Thread added: 0x000002698697c5e0
Event: 3574.904 Thread 0x000002698697bf50 Thread exited: 0x000002698697bf50
Event: 3574.966 Thread 0x000002698697c5e0 Thread exited: 0x000002698697c5e0
Event: 3577.989 Thread 0x000002698697c5e0 Thread added: 0x000002698697c5e0
Event: 3577.995 Thread 0x000002698697bf50 Thread added: 0x000002698697bf50
Event: 3583.001 Thread 0x000002698697c5e0 Thread exited: 0x000002698697c5e0
Event: 3583.078 Thread 0x000002698697bf50 Thread exited: 0x000002698697bf50
Event: 3584.568 Thread 0x000002698697bf50 Thread added: 0x000002698697bf50
Event: 3584.592 Thread 0x000002698697c5e0 Thread added: 0x000002698697c5e0
Event: 3589.608 Thread 0x000002698697bf50 Thread exited: 0x000002698697bf50
Event: 3589.700 Thread 0x000002698697c5e0 Thread exited: 0x000002698697c5e0
Event: 3592.878 Thread 0x000002698697bf50 Thread added: 0x000002698697bf50
Event: 3592.886 Thread 0x000002698697c5e0 Thread added: 0x000002698697c5e0
Event: 3597.888 Thread 0x000002698697bf50 Thread exited: 0x000002698697bf50
Event: 3597.980 Thread 0x000002698697c5e0 Thread exited: 0x000002698697c5e0


Dynamic libraries:
0x00007ff7b5910000 - 0x00007ff7b591e000 	C:\Users\Mohanprasath\.jdks\openjdk-21.0.2\bin\java.exe
0x00007ffecd9f0000 - 0x00007ffecdc07000 	C:\WINDOWS\SYSTEM32\ntdll.dll
0x00007ffecbd80000 - 0x00007ffecbe44000 	C:\WINDOWS\System32\KERNEL32.DLL
0x00007ffecae40000 - 0x00007ffecb210000 	C:\WINDOWS\System32\KERNELBASE.dll
0x00007ffecb380000 - 0x00007ffecb491000 	C:\WINDOWS\System32\ucrtbase.dll
0x00007ffeae240000 - 0x00007ffeae25b000 	C:\Users\Mohanprasath\.jdks\openjdk-21.0.2\bin\VCRUNTIME140.dll
0x00007ffeb5420000 - 0x00007ffeb5438000 	C:\Users\Mohanprasath\.jdks\openjdk-21.0.2\bin\jli.dll
0x00007ffecbac0000 - 0x00007ffecbc6e000 	C:\WINDOWS\System32\USER32.dll
0x00007ffeab030000 - 0x00007ffeab2c2000 	C:\WINDOWS\WinSxS\amd64_microsoft.windows.common-controls_6595b64144ccf1df_6.0.22621.4830_none_270fe7d773858e80\COMCTL32.dll
0x00007ffecb6b0000 - 0x00007ffecb6d6000 	C:\WINDOWS\System32\win32u.dll
0x00007ffecd0e0000 - 0x00007ffecd187000 	C:\WINDOWS\System32\msvcrt.dll
0x00007ffecd3e0000 - 0x00007ffecd409000 	C:\WINDOWS\System32\GDI32.dll
0x00007ffecaca0000 - 0x00007ffecadbb000 	C:\WINDOWS\System32\gdi32full.dll
0x00007ffecb4a0000 - 0x00007ffecb53a000 	C:\WINDOWS\System32\msvcp_win.dll
0x00007ffeccb20000 - 0x00007ffeccb51000 	C:\WINDOWS\System32\IMM32.DLL
0x00007ffeb6490000 - 0x00007ffeb649c000 	C:\Users\Mohanprasath\.jdks\openjdk-21.0.2\bin\vcruntime140_1.dll
0x00007ffe847f0000 - 0x00007ffe8487e000 	C:\Users\Mohanprasath\.jdks\openjdk-21.0.2\bin\msvcp140.dll
0x00007ffe1bac0000 - 0x00007ffe1c7d7000 	C:\Users\Mohanprasath\.jdks\openjdk-21.0.2\bin\server\jvm.dll
0x00007ffecc6d0000 - 0x00007ffecc781000 	C:\WINDOWS\System32\ADVAPI32.dll
0x00007ffeccef0000 - 0x00007ffeccf97000 	C:\WINDOWS\System32\sechost.dll
0x00007ffecb5c0000 - 0x00007ffecb5e8000 	C:\WINDOWS\System32\bcrypt.dll
0x00007ffecd890000 - 0x00007ffecd9a4000 	C:\WINDOWS\System32\RPCRT4.dll
0x00007ffeccfb0000 - 0x00007ffecd021000 	C:\WINDOWS\System32\WS2_32.dll
0x00007ffec6960000 - 0x00007ffec6994000 	C:\WINDOWS\SYSTEM32\WINMM.dll
0x00007ffec7140000 - 0x00007ffec714a000 	C:\WINDOWS\SYSTEM32\VERSION.dll
0x00007ffecab70000 - 0x00007ffecabbd000 	C:\WINDOWS\SYSTEM32\POWRPROF.dll
0x00007ffecaaa0000 - 0x00007ffecaab3000 	C:\WINDOWS\SYSTEM32\UMPDC.dll
0x00007ffec9cb0000 - 0x00007ffec9cc8000 	C:\WINDOWS\SYSTEM32\kernel.appcore.dll
0x00007ffeb2fa0000 - 0x00007ffeb2faa000 	C:\Users\Mohanprasath\.jdks\openjdk-21.0.2\bin\jimage.dll
0x00007ffec8800000 - 0x00007ffec8a32000 	C:\WINDOWS\SYSTEM32\DBGHELP.DLL
0x00007ffeccb60000 - 0x00007ffeccef0000 	C:\WINDOWS\System32\combase.dll
0x00007ffecc9a0000 - 0x00007ffecca77000 	C:\WINDOWS\System32\OLEAUT32.dll
0x00007ffec7450000 - 0x00007ffec7482000 	C:\WINDOWS\SYSTEM32\dbgcore.DLL
0x00007ffecb540000 - 0x00007ffecb5bb000 	C:\WINDOWS\System32\bcryptPrimitives.dll
0x00007ffeae230000 - 0x00007ffeae23f000 	C:\Users\Mohanprasath\.jdks\openjdk-21.0.2\bin\instrument.dll
0x00007ffeadc80000 - 0x00007ffeadc9f000 	C:\Users\Mohanprasath\.jdks\openjdk-21.0.2\bin\java.dll
0x00007ffecbe50000 - 0x00007ffecc6c8000 	C:\WINDOWS\System32\SHELL32.dll
0x00007ffec8ba0000 - 0x00007ffec94b0000 	C:\WINDOWS\SYSTEM32\windows.storage.dll
0x00007ffec8a60000 - 0x00007ffec8b9f000 	C:\WINDOWS\SYSTEM32\wintypes.dll
0x00007ffecbc70000 - 0x00007ffecbd7a000 	C:\WINDOWS\System32\SHCORE.dll
0x00007ffecb8a0000 - 0x00007ffecb8fe000 	C:\WINDOWS\System32\shlwapi.dll
0x00007ffecabd0000 - 0x00007ffecabfb000 	C:\WINDOWS\SYSTEM32\profapi.dll
0x00007ffe77d50000 - 0x00007ffe77e27000 	C:\Users\Mohanprasath\.jdks\openjdk-21.0.2\bin\jsvml.dll
0x00007ffeaca60000 - 0x00007ffeaca78000 	C:\Users\Mohanprasath\.jdks\openjdk-21.0.2\bin\zip.dll
0x00007ffeb0f30000 - 0x00007ffeb0f40000 	C:\Users\Mohanprasath\.jdks\openjdk-21.0.2\bin\net.dll
0x00007ffec1b10000 - 0x00007ffec1c3c000 	C:\WINDOWS\SYSTEM32\WINHTTP.dll
0x00007ffeca140000 - 0x00007ffeca1a9000 	C:\WINDOWS\system32\mswsock.dll
0x00007ffeacc70000 - 0x00007ffeacc86000 	C:\Users\Mohanprasath\.jdks\openjdk-21.0.2\bin\nio.dll
0x00007ffea7a70000 - 0x00007ffea7a8a000 	C:\Program Files\JetBrains\IntelliJ IDEA Community Edition 2024.3.2.2\bin\breakgen64.dll
0x00007ffeaca50000 - 0x00007ffeaca59000 	C:\Users\Mohanprasath\.jdks\openjdk-21.0.2\bin\extnet.dll
0x00007ffeacc60000 - 0x00007ffeacc6e000 	C:\Users\Mohanprasath\.jdks\openjdk-21.0.2\bin\sunmscapi.dll
0x00007ffecb210000 - 0x00007ffecb376000 	C:\WINDOWS\System32\CRYPT32.dll
0x00007ffeca570000 - 0x00007ffeca59d000 	C:\WINDOWS\SYSTEM32\ncrypt.dll
0x00007ffeca530000 - 0x00007ffeca567000 	C:\WINDOWS\SYSTEM32\NTASN1.dll
0x00007ffeca3b0000 - 0x00007ffeca3cb000 	C:\WINDOWS\SYSTEM32\CRYPTSP.dll
0x00007ffec9c10000 - 0x00007ffec9c45000 	C:\WINDOWS\system32\rsaenh.dll
0x00007ffeca250000 - 0x00007ffeca278000 	C:\WINDOWS\SYSTEM32\USERENV.dll
0x00007ffeca3d0000 - 0x00007ffeca3dc000 	C:\WINDOWS\SYSTEM32\CRYPTBASE.dll
0x00007ffec9710000 - 0x00007ffec973d000 	C:\WINDOWS\SYSTEM32\IPHLPAPI.DLL
0x00007ffecd0b0000 - 0x00007ffecd0b9000 	C:\WINDOWS\System32\NSI.dll
0x00007ffea7ec0000 - 0x00007ffea7eca000 	C:\Users\Mohanprasath\.jdks\openjdk-21.0.2\bin\management.dll
0x00007ffea7da0000 - 0x00007ffea7dab000 	C:\Users\Mohanprasath\.jdks\openjdk-21.0.2\bin\management_ext.dll
0x00007ffecd0a0000 - 0x00007ffecd0a8000 	C:\WINDOWS\System32\PSAPI.DLL
0x00007ffea7d90000 - 0x00007ffea7da0000 	C:\Users\Mohanprasath\.jdks\openjdk-21.0.2\bin\verify.dll
0x00007ffec9780000 - 0x00007ffec9882000 	C:\WINDOWS\SYSTEM32\DNSAPI.dll
0x00007ffec67a0000 - 0x00007ffec67aa000 	C:\Windows\System32\rasadhlp.dll
0x00007ffebe3a0000 - 0x00007ffebe423000 	C:\WINDOWS\System32\fwpuclnt.dll
0x00007ffe9faf0000 - 0x00007ffe9faf8000 	C:\WINDOWS\system32\wshunix.dll

dbghelp: loaded successfully - version: 4.0.5 - missing functions: none
symbol engine: initialized successfully - sym options: 0x614 - pdb path: .;C:\Users\Mohanprasath\.jdks\openjdk-21.0.2\bin;C:\WINDOWS\SYSTEM32;C:\WINDOWS\WinSxS\amd64_microsoft.windows.common-controls_6595b64144ccf1df_6.0.22621.4830_none_270fe7d773858e80;C:\Users\Mohanprasath\.jdks\openjdk-21.0.2\bin\server;C:\Program Files\JetBrains\IntelliJ IDEA Community Edition 2024.3.2.2\bin

VM Arguments:
jvm_args: -javaagent:C:\Program Files\JetBrains\IntelliJ IDEA Community Edition 2024.3.2.2\lib\idea_rt.jar=58845:C:\Program Files\JetBrains\IntelliJ IDEA Community Edition 2024.3.2.2\bin -Dfile.encoding=UTF-8 -Dsun.stdout.encoding=UTF-8 -Dsun.stderr.encoding=UTF-8 
java_command: com.example.Authentication.AuthenticationApplication
java_class_path (initial): C:\Task\Authentication\Authentication\target\classes;C:\Users\Mohanprasath\.m2\repository\org\springframework\boot\spring-boot-starter-data-jpa\3.4.2\spring-boot-starter-data-jpa-3.4.2.jar;C:\Users\Mohanprasath\.m2\repository\org\springframework\boot\spring-boot-starter\3.4.2\spring-boot-starter-3.4.2.jar;C:\Users\Mohanprasath\.m2\repository\org\springframework\boot\spring-boot\3.4.2\spring-boot-3.4.2.jar;C:\Users\Mohanprasath\.m2\repository\org\springframework\boot\spring-boot-autoconfigure\3.4.2\spring-boot-autoconfigure-3.4.2.jar;C:\Users\Mohanprasath\.m2\repository\org\springframework\boot\spring-boot-starter-logging\3.4.2\spring-boot-starter-logging-3.4.2.jar;C:\Users\Mohanprasath\.m2\repository\ch\qos\logback\logback-classic\1.5.16\logback-classic-1.5.16.jar;C:\Users\Mohanprasath\.m2\repository\ch\qos\logback\logback-core\1.5.16\logback-core-1.5.16.jar;C:\Users\Mohanprasath\.m2\repository\org\apache\logging\log4j\log4j-to-slf4j\2.24.3\log4j-to-slf4j-2.24.3.jar;C:\Users\Mohanprasath\.m2\repository\org\apache\logging\log4j\log4j-api\2.24.3\log4j-api-2.24.3.jar;C:\Users\Mohanprasath\.m2\repository\org\slf4j\jul-to-slf4j\2.0.16\jul-to-slf4j-2.0.16.jar;C:\Users\Mohanprasath\.m2\repository\jakarta\annotation\jakarta.annotation-api\2.1.1\jakarta.annotation-api-2.1.1.jar;C:\Users\Mohanprasath\.m2\repository\org\yaml\snakeyaml\2.3\snakeyaml-2.3.jar;C:\Users\Mohanprasath\.m2\repository\org\springframework\boot\spring-boot-starter-jdbc\3.4.2\spring-boot-starter-jdbc-3.4.2.jar;C:\Users\Mohanprasath\.m2\repository\com\zaxxer\HikariCP\5.1.0\HikariCP-5.1.0.jar;C:\Users\Mohanprasath\.m2\repository\org\springframework\spring-jdbc\6.2.2\spring-jdbc-6.2.2.jar;C:\Users\Mohanprasath\.m2\repository\org\hibernate\orm\hibernate-core\6.6.5.Final\hibernate-core-6.6.5.Final.jar;C:\Users\Mohanprasath\.m2\repository\jakarta\persistence\jakarta.persistence-api\3.1.0\jakarta.persistence-api-3.1.0.jar;C:\Users\Mohanprasath\.m2\repository\jakarta\transaction\jakarta.transaction-api\2.0.1\jakarta.transaction-api-2.0.1.jar;C:\Users\Mohanprasath\.m2\repository\org\jboss\logging\jboss-logging\3.6.1.Final\jboss-logging-3.6.1.Final.jar;C:\Users\Mohanprasath\.m2\repository\org\hibernate\common\hibernate-commons-annotations\7.0.3.Final\hibernate-commons-annotations-7.0.3.Final.jar;C:\Users\Mohanprasath\.m2\repository\io\smallrye\jandex\3.2.0\jandex-3.2.0.jar;C:\Users\Mohanprasath\.m2\repository\com\fasterxml\classmate\1.7.0\classmate-1.7.0.jar;C:\Users\Mohanprasath\.m2\repository\net\bytebuddy\byte-buddy\1.15.11\byte-buddy-1.15.11.jar;C:\Users\Mohanprasath\.m2\repository\org\glassfish\jaxb\jaxb-runtime\4.0.5\jaxb-runtime-4.0.5.jar;C:\Users\Mohanprasath\.m2\repository\org\glassfish\jaxb\jaxb-core\4.0.5\jaxb-core-4.0.5.jar;C:\Users\Mohanprasath\.m2\repository\org\eclipse\angus\angus-activation\2.0.2\angus-activation-2.0.2.jar;C:\Users\Mohanprasath\.m2\repository\org\glassfish\jaxb\txw2\4.0.5\txw2-4.0.5.jar;C:\Users\Mohanprasath\.m2\repository\com\sun\istack\istack-commons-runtime\4.1.2\istack-commons-runtime-4.1.2.jar;C:\Users\Mohanprasath\.m2\repository\jakarta\inject\jakarta.inject-api\2.0.1\jakarta.inject-api-2.0.1.jar;C:\Users\Mohanprasath\.m2\repository\org\antlr\antlr4-runtime\4.13.0\antlr4-runtime-4.13.0.jar;C:\Users\Mohanprasath\.m2\repository\org\springframework\data\spring-data-jpa\3.4.2\spring-data-jpa-3.4.2.jar;C:\Users\Mohanprasath\.m2\repository\org\springframework\data\spring-data-commons\3.4.2\spring-data-commons-3.4.2.jar;C:\Users\Mohanprasath\.m2\repository\org\springframework\spring-orm\6.2.2\spring-orm-6.2.2.jar;C:\Users\Mohanprasath\.m2\repository\org\springframework\spring-context\6.2.2\spring-context-6.2.2.jar;C:\Users\Mohanprasath\.m2\repository\org\springframework\spring-tx\6.2.2\spring-tx-6.2.2.jar;C:\Users\Mohanprasath\.m2\repository\org\springframework\spring-beans\6.2.2\spring-beans-6.2.2.jar;C:\Users\Mohanprasath\.m2\repository\org\slf4j\slf4j-api\2.0.16\slf4j-api-2.0.16.jar;C:\Users\Mohanprasath\.m2\repository\org\springframework\spring-aspects\6.2.2\spring-aspects-6.2.2.jar;C:\Users\Mohanprasath\.m2\repository\org\aspectj\aspectjweaver\1.9.22.1\aspectjweaver-1.9.22.1.jar;C:\Users\Mohanprasath\.m2\repository\org\springframework\boot\spring-boot-starter-security\3.4.2\spring-boot-starter-security-3.4.2.jar;C:\Users\Mohanprasath\.m2\repository\org\springframework\spring-aop\6.2.2\spring-aop-6.2.2.jar;C:\Users\Mohanprasath\.m2\repository\org\springframework\security\spring-security-config\6.4.2\spring-security-config-6.4.2.jar;C:\Users\Mohanprasath\.m2\repository\org\springframework\security\spring-security-web\6.4.2\spring-security-web-6.4.2.jar;C:\Users\Mohanprasath\.m2\repository\org\springframework\spring-expression\6.2.2\spring-expression-6.2.2.jar;C:\Users\Mohanprasath\.m2\repository\org\springframework\boot\spring-boot-starter-web\3.4.2\spring-boot-starter-web-3.4.2.jar;C:\Users\Mohanprasath\.m2\repository\org\springframework\boot\spring-boot-starter-json\3.4.2\spring-boot-starter-json-3.4.2.jar;C:\Users\Mohanprasath\.m2\repository\com\fasterxml\jackson\datatype\jackson-datatype-jdk8\2.18.2\jackson-datatype-jdk8-2.18.2.jar;C:\Users\Mohanprasath\.m2\repository\com\fasterxml\jackson\datatype\jackson-datatype-jsr310\2.18.2\jackson-datatype-jsr310-2.18.2.jar;C:\Users\Mohanprasath\.m2\repository\com\fasterxml\jackson\module\jackson-module-parameter-names\2.18.2\jackson-module-parameter-names-2.18.2.jar;C:\Users\Mohanprasath\.m2\repository\org\springframework\boot\spring-boot-starter-tomcat\3.4.2\spring-boot-starter-tomcat-3.4.2.jar;C:\Users\Mohanprasath\.m2\repository\org\apache\tomcat\embed\tomcat-embed-core\10.1.34\tomcat-embed-core-10.1.34.jar;C:\Users\Mohanprasath\.m2\repository\org\apache\tomcat\embed\tomcat-embed-websocket\10.1.34\tomcat-embed-websocket-10.1.34.jar;C:\Users\Mohanprasath\.m2\repository\org\springframework\spring-web\6.2.2\spring-web-6.2.2.jar;C:\Users\Mohanprasath\.m2\repository\io\micrometer\micrometer-observation\1.14.3\micrometer-observation-1.14.3.jar;C:\Users\Mohanprasath\.m2\repository\io\micrometer\micrometer-commons\1.14.3\micrometer-commons-1.14.3.jar;C:\Users\Mohanprasath\.m2\repository\org\springframework\spring-webmvc\6.2.2\spring-webmvc-6.2.2.jar;C:\Users\Mohanprasath\.m2\repository\com\mysql\mysql-connector-j\9.1.0\mysql-connector-j-9.1.0.jar;C:\Users\Mohanprasath\.m2\repository\jakarta\xml\bind\jakarta.xml.bind-api\4.0.2\jakarta.xml.bind-api-4.0.2.jar;C:\Users\Mohanprasath\.m2\repository\jakarta\activation\jakarta.activation-api\2.1.3\jakarta.activation-api-2.1.3.jar;C:\Users\Mohanprasath\.m2\repository\org\springframework\spring-core\6.2.2\spring-core-6.2.2.jar;C:\Users\Mohanprasath\.m2\repository\org\springframework\spring-jcl\6.2.2\spring-jcl-6.2.2.jar;C:\Users\Mohanprasath\.m2\repository\org\springframework\security\spring-security-core\6.4.2\spring-security-core-6.4.2.jar;C:\Users\Mohanprasath\.m2\repository\org\springframework\security\spring-security-crypto\6.4.2\spring-security-crypto-6.4.2.jar;C:\Users\Mohanprasath\.m2\repository\io\jsonwebtoken\jjwt-api\0.11.5\jjwt-api-0.11.5.jar;C:\Users\Mohanprasath\.m2\repository\io\jsonwebtoken\jjwt-impl\0.11.5\jjwt-impl-0.11.5.jar;C:\Users\Mohanprasath\.m2\repository\io\jsonwebtoken\jjwt-jackson\0.11.5\jjwt-jackson-0.11.5.jar;C:\Users\Mohanprasath\.m2\repository\com\fasterxml\jackson\core\jackson-databind\2.18.2\jackson-databind-2.18.2.jar;C:\Users\Mohanprasath\.m2\repository\com\fasterxml\jackson\core\jackson-annotations\2.18.2\jackson-annotations-2.18.2.jar;C:\Users\Mohanprasath\.m2\repository\com\fasterxml\jackson\core\jackson-core\2.18.2\jackson-core-2.18.2.jar;C:\Users\Mohanprasath\.m2\repository\org\springframework\boot\spring-boot-starter-validation\3.4.2\spring-boot-starter-validation-3.4.2.jar;C:\Users\Mohanprasath\.m2\repository\org\apache\tomcat\embed\tomcat-embed-el\10.1.34\tomcat-embed-el-10.1.34.jar;C:\Users\Mohanprasath\.m2\repository\org\hibernate\validator\hibernate-validator\8.0.2.Final\hibernate-validator-8.0.2.Final.jar;C:\Users\Mohanprasath\.m2\repository\jakarta\validation\jakarta.validation-api\3.0.2\jakarta.validation-api-3.0.2.jar
Launcher Type: SUN_STANDARD

[Global flags]
     intx CICompilerCount                          = 4                                         {product} {ergonomic}
     uint ConcGCThreads                            = 3                                         {product} {ergonomic}
     uint G1ConcRefinementThreads                  = 10                                        {product} {ergonomic}
   size_t G1HeapRegionSize                         = 1048576                                   {product} {ergonomic}
    uintx GCDrainStackTargetSize                   = 64                                        {product} {ergonomic}
   size_t InitialHeapSize                          = 98566144                                  {product} {ergonomic}
   size_t MarkStackSize                            = 4194304                                   {product} {ergonomic}
   size_t MaxHeapSize                              = 1574961152                                {product} {ergonomic}
   size_t MaxNewSize                               = 944766976                                 {product} {ergonomic}
   size_t MinHeapDeltaBytes                        = 1048576                                   {product} {ergonomic}
   size_t MinHeapSize                              = 8388608                                   {product} {ergonomic}
    uintx NonNMethodCodeHeapSize                   = 5839372                                {pd product} {ergonomic}
    uintx NonProfiledCodeHeapSize                  = 122909434                              {pd product} {ergonomic}
    uintx ProfiledCodeHeapSize                     = 122909434                              {pd product} {ergonomic}
    uintx ReservedCodeCacheSize                    = 251658240                              {pd product} {ergonomic}
     bool SegmentedCodeCache                       = true                                      {product} {ergonomic}
   size_t SoftMaxHeapSize                          = 1574961152                             {manageable} {ergonomic}
     bool UseCompressedOops                        = true                           {product lp64_product} {ergonomic}
     bool UseG1GC                                  = true                                      {product} {ergonomic}
     bool UseLargePagesIndividualAllocation        = false                                  {pd product} {ergonomic}

Logging:
Log output configuration:
 #0: stdout all=warning uptime,level,tags foldmultilines=false
 #1: stderr all=off uptime,level,tags foldmultilines=false

Environment Variables:
PATH=C:\Python313\Scripts\;C:\Python313\;C:\Program Files\Common Files\Oracle\Java\javapath;C:\WINDOWS\system32;C:\WINDOWS;C:\WINDOWS\System32\Wbem;C:\WINDOWS\System32\WindowsPowerShell\v1.0\;C:\WINDOWS\System32\OpenSSH\;C:\Program Files\Microsoft VS Code\bin;C:\Program Files\Git\cmd;C:\MinGW\bin;C:\Program Files\Java\jdk-21\bin;C:\php-8.3.8;C:\Users\Mohanprasath\.vscode\extensions\xdebug.php-debug-1.34.0;C:\xampp\php;C:\Android Studio;C:\Program Files\MongoDB\Server\8.0\bin;C:\Program Files\mongosh-2.3.8-win32-x64\mongosh-2.3.8-win32-x64\bin;C:\Program Files\Java\jdk-23\bin;C:\Program Files\JetBrains\IntelliJ IDEA Community Edition 2024.3.2.2\bin;C:\Program Files\nodejs\;C:\ProgramData\chocolatey\bin;C:\Program Files\MySQL\MySQL Shell 8.0\bin\;C:\Users\Mohanprasath\AppData\Local\Microsoft\WindowsApps;C:\scrcpy;C:\Program Files (x86)\Jar2Exe Wizard\;C:\Program Files\JetBrains\IntelliJ IDEA Community Edition 2024.3.2.2\bin;;C:\Program Files (x86)\MongoDB Atlas CLI\;C:\Program Files\MongoDB\Server\8.0\bin;C:\Users\Mohanprasath\AppData\Roaming\npm
USERNAME=Mohanprasath
OS=Windows_NT
PROCESSOR_IDENTIFIER=AMD64 Family 23 Model 104 Stepping 1, AuthenticAMD
TMP=C:\Users\MOHANP~1\AppData\Local\Temp
TEMP=C:\Users\MOHANP~1\AppData\Local\Temp




Periodic native trim disabled

---------------  S Y S T E M  ---------------

OS:
 Windows 11 , 64 bit Build 22621 (10.0.22621.4830)
OS uptime: 2 days 16:22 hours
Hyper-V role detected

CPU: total 12 (initial active 12) (12 cores per cpu, 2 threads per core) family 23 model 104 stepping 1 microcode 0x0, cx8, cmov, fxsr, ht, mmx, 3dnowpref, sse, sse2, sse3, ssse3, sse4a, sse4.1, sse4.2, popcnt, lzcnt, tsc, tscinvbit, avx, avx2, aes, clmul, bmi1, bmi2, adx, sha, fma, vzeroupper, clflush, clflushopt, hv, rdtscp, rdpid, f16c
Processor Information for processor 0
  Max Mhz: 2100, Current Mhz: 2100, Mhz Limit: 2100
Processor Information for processor 1
  Max Mhz: 2100, Current Mhz: 1813, Mhz Limit: 2100
Processor Information for processor 2
  Max Mhz: 2100, Current Mhz: 2100, Mhz Limit: 2100
Processor Information for processor 3
  Max Mhz: 2100, Current Mhz: 1813, Mhz Limit: 2100
Processor Information for processor 4
  Max Mhz: 2100, Current Mhz: 2100, Mhz Limit: 2100
Processor Information for processor 5
  Max Mhz: 2100, Current Mhz: 2100, Mhz Limit: 2100
Processor Information for processor 6
  Max Mhz: 2100, Current Mhz: 1813, Mhz Limit: 2100
Processor Information for processor 7
  Max Mhz: 2100, Current Mhz: 1813, Mhz Limit: 2100
Processor Information for processor 8
  Max Mhz: 2100, Current Mhz: 2100, Mhz Limit: 2100
Processor Information for processor 9
  Max Mhz: 2100, Current Mhz: 1813, Mhz Limit: 2100
Processor Information for processor 10
  Max Mhz: 2100, Current Mhz: 1813, Mhz Limit: 2100
Processor Information for processor 11
  Max Mhz: 2100, Current Mhz: 2100, Mhz Limit: 2100

Memory: 4k page, system-wide physical 6005M (448M free)
TotalPageFile size 24437M (AvailPageFile size 120M)
current process WorkingSet (physical memory assigned to process): 32M, peak: 259M
current process commit charge ("private bytes"): 285M, peak: 309M

vm_info: OpenJDK 64-Bit Server VM (21.0.2+13-58) for windows-amd64 JRE (21.0.2+13-58), built on 2024-01-05T18:32:24Z by "mach5one" with MS VC++ 17.1 (VS2022)

END.
